<?xml version="1.0" encoding="UTF-8"?>
<!DOCTYPE suite SYSTEM "https://testng.org/testng-1.0.dtd">
<suite name="Suite">
  <test thread-count="5" name="Test">
    <classes>
      <class name="com.project.tests.Test_Login"/>
      <class name="com.example.Test_00_ReadWriteJsonFile_UsingJacksonDatabind"/>
      <class name="com.example.Test_01_OpenCloseAll3Browser"/>
      <class name="com.example.Test_02_React_Selectors"/>
    </classes>
  </test> <!-- Test -->
</suite> <!-- Suite -->
