<?xml version="1.0" encoding="UTF-8"?>
<!-- Generated by org.testng.reporters.JUnitReportReporter -->
<testsuite hostname="BijayaChhetri" failures="0" tests="1" name="playwrightJava.Test_15_newTab_or_windowPopup" time="8.157" errors="0" timestamp="2025-04-14T09:16:09 EDT" skipped="0">
  <testcase classname="playwrightJava.Test_15_newTab_or_windowPopup" name="switchToNewTab" time="8.157"/>
  <system-out/>
</testsuite> <!-- playwrightJava.Test_15_newTab_or_windowPopup -->
