<?xml version="1.0" encoding="UTF-8"?>
<!-- Generated by org.testng.reporters.JUnitReportReporter -->
<testsuite hostname="BijayaChhetri" failures="0" tests="1" name="playwrightJava.zTemp" time="14.232" errors="0" timestamp="2025-04-13T22:02:58 EDT" skipped="0">
  <testcase classname="playwrightJava.zTemp" name="test_record_video_default_size" time="14.232"/>
  <system-out/>
</testsuite> <!-- playwrightJava.zTemp -->
